0 info it worked if it ends with ok
1 verbose cli [ 'C:\\Program Files\\nodejs\\node.exe',
1 verbose cli   'C:\\Program Files\\nodejs\\node_modules\\npm\\bin\\npm-cli.js',
1 verbose cli   'install',
1 verbose cli   '—save-dev',
1 verbose cli   'gulp' ]
2 info using npm@3.6.0
3 info using node@v5.6.0
4 silly loadCurrentTree Starting
5 silly install loadCurrentTree
6 silly install readLocalPackageData
7 silly fetchPackageMetaData —save-dev
8 silly fetchPackageMetaData gulp@^3.9.0
9 silly fetchNamedPackageData gulp
10 silly mapToRegistry name gulp
11 silly mapToRegistry using default registry
12 silly mapToRegistry registry https://registry.npmjs.org/
13 silly mapToRegistry uri https://registry.npmjs.org/gulp
14 silly fetchOtherPackageData —save-dev
15 silly cache add args [ '—save-dev', null ]
16 verbose cache add spec —save-dev
17 silly cache add parsed spec Result {
17 silly cache add   raw: '—save-dev',
17 silly cache add   scope: null,
17 silly cache add   name: null,
17 silly cache add   rawSpec: '—save-dev',
17 silly cache add   spec: 'C:\\Users\\korob\\Desktop\\_optimized_gulp_sass\\—save-dev',
17 silly cache add   type: 'local' }
18 error addLocal Could not install C:\Users\korob\Desktop\_optimized_gulp_sass\—save-dev
19 silly fetchPackageMetaData Error: ENOENT: no such file or directory, open 'C:\Users\korob\Desktop\_optimized_gulp_sass\—save-dev'
19 silly fetchPackageMetaData     at Error (native)
19 silly fetchPackageMetaData  error for —save-dev { [Error: ENOENT: no such file or directory, open 'C:\Users\korob\Desktop\_optimized_gulp_sass\—save-dev']
19 silly fetchPackageMetaData   errno: -4058,
19 silly fetchPackageMetaData   code: 'ENOENT',
19 silly fetchPackageMetaData   syscall: 'open',
19 silly fetchPackageMetaData   path: 'C:\\Users\\korob\\Desktop\\_optimized_gulp_sass\\—save-dev' }
20 verbose request uri https://registry.npmjs.org/gulp
21 verbose request no auth needed
22 info attempt registry request try #1 at 09:43:17
23 verbose request id 8d8d8b3f13ab0258
24 verbose etag "9OEPR2LBO34PRYX1C5YZBTU8P"
25 http request GET https://registry.npmjs.org/gulp
26 verbose stack TypeError: The header content contains invalid characters
26 verbose stack     at ClientRequest.OutgoingMessage.setHeader (_http_outgoing.js:348:11)
26 verbose stack     at new ClientRequest (_http_client.js:85:14)
26 verbose stack     at Object.exports.request (http.js:31:10)
26 verbose stack     at Object.exports.request (https.js:197:15)
26 verbose stack     at Request.start (C:\Program Files\nodejs\node_modules\npm\node_modules\request\request.js:746:30)
26 verbose stack     at Request.end (C:\Program Files\nodejs\node_modules\npm\node_modules\request\request.js:1357:10)
26 verbose stack     at end (C:\Program Files\nodejs\node_modules\npm\node_modules\request\request.js:574:14)
26 verbose stack     at Immediate._onImmediate (C:\Program Files\nodejs\node_modules\npm\node_modules\request\request.js:588:7)
26 verbose stack     at processImmediate [as _immediateCallback] (timers.js:383:17)
27 verbose cwd C:\Users\korob\Desktop\_optimized_gulp_sass
28 error Windows_NT 10.0.10240
29 error argv "C:\\Program Files\\nodejs\\node.exe" "C:\\Program Files\\nodejs\\node_modules\\npm\\bin\\npm-cli.js" "install" "—save-dev" "gulp"
30 error node v5.6.0
31 error npm  v3.6.0
32 error The header content contains invalid characters
33 error If you need help, you may report this error at:
33 error     <https://github.com/npm/npm/issues>
34 verbose exit [ 1, true ]
